Release 14.7 - xst P.20131013 (nt)
Copyright (c) 1995-2013 Xilinx, Inc.  All rights reserved.
--> Parameter TMPDIR set to xst/projnav.tmp


Total REAL time to Xst completion: 0.00 secs
Total CPU time to Xst completion: 0.09 secs
 
--> Parameter xsthdpdir set to xst


Total REAL time to Xst completion: 0.00 secs
Total CPU time to Xst completion: 0.09 secs
 
--> Reading design: FSM_SEMA_MAIN.prj

TABLE OF CONTENTS
  1) Synthesis Options Summary
  2) HDL Compilation
  3) Design Hierarchy Analysis
  4) HDL Analysis
  5) HDL Synthesis
     5.1) HDL Synthesis Report
  6) Advanced HDL Synthesis
     6.1) Advanced HDL Synthesis Report
  7) Low Level Synthesis
  8) Partition Report
  9) Final Report

=========================================================================
*                      Synthesis Options Summary                        *
=========================================================================
---- Source Parameters
Input File Name                    : "FSM_SEMA_MAIN.prj"
Input Format                       : mixed
Ignore Synthesis Constraint File   : NO

---- Target Parameters
Output File Name                   : "FSM_SEMA_MAIN"
Output Format                      : NGC
Target Device                      : CoolRunner2 CPLDs

---- Source Options
Top Module Name                    : FSM_SEMA_MAIN
Automatic FSM Extraction           : YES
FSM Encoding Algorithm             : Auto
Safe Implementation                : No
Mux Extraction                     : Yes
Resource Sharing                   : YES

---- Target Options
Add IO Buffers                     : YES
MACRO Preserve                     : YES
XOR Preserve                       : YES
Equivalent register Removal        : YES

---- General Options
Optimization Goal                  : Speed
Optimization Effort                : 1
Keep Hierarchy                     : Yes
Netlist Hierarchy                  : As_Optimized
RTL Output                         : Yes
Hierarchy Separator                : /
Bus Delimiter                      : <>
Case Specifier                     : Maintain
Verilog 2001                       : YES

---- Other Options
Clock Enable                       : YES
wysiwyg                            : NO

=========================================================================


=========================================================================
*                          HDL Compilation                              *
=========================================================================
Compiling verilog file "module_FSM_Sema_CL.v" in library work
Compiling verilog file "CLKDiv.v" in library work
Module <FSM_Sema_CL> compiled
Compiling verilog file "FSM_SEMA_MAIN.v" in library work
Module <CLKDiv> compiled
Module <FSM_SEMA_MAIN> compiled
No errors in compilation
Analysis of file <"FSM_SEMA_MAIN.prj"> succeeded.
 

=========================================================================
*                     Design Hierarchy Analysis                         *
=========================================================================
Analyzing hierarchy for module <FSM_SEMA_MAIN> in library <work>.

Analyzing hierarchy for module <CLKDiv> in library <work>.

Analyzing hierarchy for module <FSM_Sema_CL> in library <work> with parameters.
	p_green_s = "0111"
	p_green_w = "0110"
	ps_off1 = "1000"
	ps_off2 = "1010"
	ps_on1 = "1001"
	ps_on2 = "1011"
	pw_off1 = "1100"
	pw_off2 = "1110"
	pw_on1 = "1101"
	pw_on2 = "1111"
	s_green = "0011"
	s_yellow_p = "0101"
	s_yellow_w = "0100"
	w_green = "0000"
	w_yellow_p = "0010"
	w_yellow_s = "0001"


=========================================================================
*                            HDL Analysis                               *
=========================================================================
Analyzing top module <FSM_SEMA_MAIN>.
Module <FSM_SEMA_MAIN> is correct for synthesis.
 
Analyzing module <CLKDiv> in library <work>.
Module <CLKDiv> is correct for synthesis.
 
Analyzing module <FSM_Sema_CL> in library <work>.
	p_green_s = 4'b0111
	p_green_w = 4'b0110
	ps_off1 = 4'b1000
	ps_off2 = 4'b1010
	ps_on1 = 4'b1001
	ps_on2 = 4'b1011
	pw_off1 = 4'b1100
	pw_off2 = 4'b1110
	pw_on1 = 4'b1101
	pw_on2 = 4'b1111
	s_green = 4'b0011
	s_yellow_p = 4'b0101
	s_yellow_w = 4'b0100
	w_green = 4'b0000
	w_yellow_p = 4'b0010
	w_yellow_s = 4'b0001
Module <FSM_Sema_CL> is correct for synthesis.
 

=========================================================================
*                           HDL Synthesis                               *
=========================================================================

Performing bidirectional port resolution...

Synthesizing Unit <CLKDiv>.
    Related source file is "CLKDiv.v".
    Found 1-bit register for signal <clk1hz_buff>.
    Found 22-bit up counter for signal <counter>.
    Found 22-bit adder for signal <old_counter_1$add0000> created at line 15.
    Summary:
	inferred   1 Counter(s).
	inferred   1 D-type flip-flop(s).
	inferred   1 Adder/Subtractor(s).
Unit <CLKDiv> synthesized.


Synthesizing Unit <FSM_Sema_CL>.
    Related source file is "module_FSM_Sema_CL.v".
WARNING:Xst:737 - Found 3-bit latch for signal <w_gyr>. Latches may be generated from incomplete case or if statements. We do not recommend the use of latches in FPGA/CPLD designs, as they may lead to timing problems.
INFO:Xst:2371 - HDL ADVISOR - Logic functions respectively driving the data and gate enable inputs of this latch share common terms. This situation will potentially lead to setup/hold violations and, as a result, to simulation problems. This situation may come from an incomplete case statement (all selector values are not covered). You should carefully review if it was in your intentions to describe such a latch.
WARNING:Xst:737 - Found 3-bit latch for signal <s_gyr>. Latches may be generated from incomplete case or if statements. We do not recommend the use of latches in FPGA/CPLD designs, as they may lead to timing problems.
INFO:Xst:2371 - HDL ADVISOR - Logic functions respectively driving the data and gate enable inputs of this latch share common terms. This situation will potentially lead to setup/hold violations and, as a result, to simulation problems. This situation may come from an incomplete case statement (all selector values are not covered). You should carefully review if it was in your intentions to describe such a latch.
WARNING:Xst:737 - Found 2-bit latch for signal <p_gr>. Latches may be generated from incomplete case or if statements. We do not recommend the use of latches in FPGA/CPLD designs, as they may lead to timing problems.
INFO:Xst:2371 - HDL ADVISOR - Logic functions respectively driving the data and gate enable inputs of this latch share common terms. This situation will potentially lead to setup/hold violations and, as a result, to simulation problems. This situation may come from an incomplete case statement (all selector values are not covered). You should carefully review if it was in your intentions to describe such a latch.
    Found 4-bit 16-to-1 multiplexer for signal <next_st>.
    Found 2-bit 16-to-1 multiplexer for signal <p_gr$mux0000>.
Unit <FSM_Sema_CL> synthesized.


Synthesizing Unit <FSM_SEMA_MAIN>.
    Related source file is "FSM_SEMA_MAIN.v".
    Found 4-bit register for signal <cst>.
Unit <FSM_SEMA_MAIN> synthesized.


=========================================================================
HDL Synthesis Report

Macro Statistics
# Adders/Subtractors                                   : 1
 22-bit adder                                          : 1
# Counters                                             : 1
 22-bit up counter                                     : 1
# Registers                                            : 2
 1-bit register                                        : 1
 4-bit register                                        : 1
# Latches                                              : 3
 2-bit latch                                           : 1
 3-bit latch                                           : 2
# Multiplexers                                         : 2
 2-bit 16-to-1 multiplexer                             : 1
 4-bit 16-to-1 multiplexer                             : 1

=========================================================================

=========================================================================
*                       Advanced HDL Synthesis                          *
=========================================================================


=========================================================================
Advanced HDL Synthesis Report

Macro Statistics
# Adders/Subtractors                                   : 1
 22-bit adder                                          : 1
# Counters                                             : 1
 22-bit up counter                                     : 1
# Registers                                            : 1
 Flip-Flops                                            : 1
# Latches                                              : 3
 2-bit latch                                           : 1
 3-bit latch                                           : 2
# Multiplexers                                         : 2
 2-bit 16-to-1 multiplexer                             : 1
 4-bit 16-to-1 multiplexer                             : 1

=========================================================================

=========================================================================
*                         Low Level Synthesis                           *
=========================================================================

Optimizing unit <FSM_SEMA_MAIN> ...

Optimizing unit <CLKDiv> ...

=========================================================================
*                           Partition Report                            *
=========================================================================

Partition Implementation Status
-------------------------------

  No Partitions were found in this design.

-------------------------------

=========================================================================
*                            Final Report                               *
=========================================================================
Final Results
RTL Top Level Output File Name     : FSM_SEMA_MAIN.ngr
Top Level Output File Name         : FSM_SEMA_MAIN
Output Format                      : NGC
Optimization Goal                  : Speed
Keep Hierarchy                     : Yes
Target Technology                  : CoolRunner2 CPLDs
Macro Preserve                     : YES
XOR Preserve                       : YES
Clock Enable                       : YES
wysiwyg                            : NO

Design Statistics
# IOs                              : 13

Cell Usage :
# BELS                             : 282
#      AND2                        : 88
#      AND3                        : 11
#      AND4                        : 3
#      AND6                        : 2
#      AND8                        : 4
#      GND                         : 1
#      INV                         : 123
#      OR2                         : 24
#      OR3                         : 5
#      XOR2                        : 21
# FlipFlops/Latches                : 35
#      FD                          : 26
#      FDCE                        : 1
#      LD                          : 8
# IO Buffers                       : 13
#      IBUF                        : 5
#      OBUF                        : 8
=========================================================================


Total REAL time to Xst completion: 3.00 secs
Total CPU time to Xst completion: 3.95 secs
 
--> 

Total memory usage is 198404 kilobytes

Number of errors   :    0 (   0 filtered)
Number of warnings :    3 (   0 filtered)
Number of infos    :    3 (   0 filtered)

