 
cpldfit:  version P.20131013                        Xilinx Inc.
                                  Fitter Report
Design Name: FSM_SEMA_MAIN                       Date:  5-20-2016,  6:44PM
Device Used: XC2C256-6-TQ144
Fitting Status: Successful

*************************  Mapped Resource Summary  **************************

Macrocells     Product Terms    Function Block   Registers      Pins           
Used/Tot       Used/Tot         Inps Used/Tot    Used/Tot       Used/Tot       
36 /256 ( 14%) 74  /896  (  8%) 56  /640  (  9%) 35 /256 ( 14%) 13 /118 ( 11%)

** Function Block Resources **

Function Mcells   FB Inps  Pterms   IO       CTC      CTR      CTS      CTE     
Block    Used/Tot Used/Tot Used/Tot Used/Tot Used/Tot Used/Tot Used/Tot Used/Tot
FB1      16/16*    19/40    37/56     2/ 6    1/1*     0/1      0/1      0/1
FB2      16/16*    27/40    29/56     2/ 8    1/1*     0/1      0/1      0/1
FB3       1/16      5/40     3/56     1/ 6    1/1*     0/1      0/1      0/1
FB4       0/16      0/40     0/56     0/ 8    0/1      0/1      0/1      0/1
FB5       0/16      0/40     0/56     0/ 5    0/1      0/1      0/1      0/1
FB6       0/16      0/40     0/56     0/ 8    0/1      0/1      0/1      0/1
FB7       0/16      0/40     0/56     0/ 8    0/1      0/1      0/1      0/1
FB8       0/16      0/40     0/56     0/ 8    0/1      0/1      0/1      0/1
FB9       3/16      5/40     5/56     3/ 8    1/1*     0/1      0/1      0/1
FB10      0/16      0/40     0/56     0/ 9    0/1      0/1      0/1      0/1
FB11      0/16      0/40     0/56     0/ 8    0/1      0/1      0/1      0/1
FB12      0/16      0/40     0/56     0/ 6    0/1      0/1      0/1      0/1
FB13      0/16      0/40     0/56     0/ 8    0/1      0/1      0/1      0/1
FB14      0/16      0/40     0/56     0/ 8    0/1      0/1      0/1      0/1
FB15      0/16      0/40     0/56     0/ 7    0/1      0/1      0/1      0/1
FB16      0/16      0/40     0/56     0/ 7    0/1      0/1      0/1      0/1
         -----    -------  -------   -----    ---      ---      ---      ---
Total    36/256    56/640   74/896    8/118   4/16     0/16     0/16     0/16

CTC - Control Term Clock
CTR - Control Term Reset
CTS - Control Term Set
CTE - Control Term Output Enable

* - Resource is exhausted

** Global Control Resources **

GCK         GSR         GTS         DGE         
Used/Tot    Used/Tot    Used/Tot    Used/Tot    
1/3         0/1         0/4         0/1

Signal 'clk' mapped onto global clock net GCK2.

** Pin Resources **

Signal Type    Required     Mapped  |  Pin Type            Used    Total 
------------------------------------|------------------------------------
Input         :    4           4    |  I/O              :    11    108
Output        :    8           8    |  GCK/IO           :     1      3
Bidirectional :    0           0    |  GTS/IO           :     0      4
GCK           :    1           1    |  GSR/IO           :     0      1
GTS           :    0           0    |  CDR/IO           :     0      1
GSR           :    0           0    |  DGE/IO           :     1      1
                 ----        ----
        Total     13          13

End of Mapped Resource Summary
**************************  Errors and Warnings  ***************************

WARNING:Cpld - Unable to retrieve the path to the iSE Project Repository. Will
   use the default filename of 'FSM_SEMA_MAIN.ise'.
INFO:Cpld - Inferring BUFG constraint for signal 'clk' based upon the LOC
   constraint 'P38'. It is recommended that you declare this BUFG explicitedly
   in your design. Note that for certain device families the output of a BUFG
   constraint can not drive a gated clock, and the BUFG constraint will be
   ignored.
*************************  Summary of Mapped Logic  ************************

** 8 Outputs **

Signal                 Total Total Bank Loc     Pin   Pin       Pin     I/O      I/O       Slew Reg     Reg Init
Name                   Pts   Inps               No.   Type      Use     STD      Style     Rate Use     State
s_gyr<2>               3     5     2    FB1_4   142   I/O       O       LVCMOS18           FAST LATCH   RESET
s_gyr<1>               2     5     2    FB1_12  139   I/O       O       LVCMOS18           FAST LATCH   RESET
p_gr<0>                4     5     2    FB2_13  7     I/O       O       LVCMOS18           FAST LATCH   RESET
p_gr<1>                4     5     2    FB2_15  10    I/O       O       LVCMOS18           FAST LATCH   RESET
s_gyr<0>               3     5     2    FB3_1   136   I/O       O       LVCMOS18           FAST LATCH   RESET
w_gyr<0>               3     5     2    FB9_6   115   I/O       O       LVCMOS18           FAST LATCH   RESET
w_gyr<1>               2     5     2    FB9_13  117   I/O       O       LVCMOS18           FAST LATCH   RESET
w_gyr<2>               3     5     2    FB9_15  119   I/O       O       LVCMOS18           FAST LATCH   RESET

** 28 Buried Nodes **

Signal                 Total Total Loc     Reg     Reg Init
Name                   Pts   Inps          Use     State
Clock_m_s/counter<4>   1     4     FB1_1   TFF     RESET
Clock_m_s/counter<3>   1     3     FB1_2   TFF     RESET
Clock_m_s/counter<9>   1     9     FB1_3   TFF     RESET
Clock_m_s/counter<2>   1     2     FB1_5   TFF     RESET
Clock_m_s/counter<7>   1     7     FB1_6   TFF     RESET
Clock_m_s/counter<1>   1     1     FB1_7   TFF     RESET
Clock_m_s/counter<0>   0     0     FB1_8   TFF     RESET
N_PZ_142               3     7     FB1_9           
cst<0>                 7     9     FB1_10  DFF     RESET
cst<3>                 5     8     FB1_11  DFF     RESET
Clock_m_s/counter<6>   1     6     FB1_13  TFF     RESET
Clock_m_s/counter<5>   1     5     FB1_14  TFF     RESET
cst<2>                 6     9     FB1_15  DFF     RESET
cst<1>                 7     8     FB1_16  DFF     RESET
Clock_m_s/counter<8>   9     22    FB2_1   TFF     RESET
Clock_m_s/counter<11>  2     22    FB2_2   TFF     RESET
Clock_m_s/counter<21>  2     22    FB2_3   TFF     RESET
Clock_m_s/counter<20>  2     22    FB2_4   TFF     RESET
Clock_m_s/counter<19>  2     22    FB2_5   TFF     RESET
Clk_m_s                1     22    FB2_6   TFF     RESET
Clock_m_s/counter<17>  1     17    FB2_7   TFF     RESET
Clock_m_s/counter<15>  1     15    FB2_8   TFF     RESET
Clock_m_s/counter<14>  1     14    FB2_9   TFF     RESET
Clock_m_s/counter<13>  1     13    FB2_10  TFF     RESET
Clock_m_s/counter<12>  1     12    FB2_11  TFF     RESET
Clock_m_s/counter<18>  2     22    FB2_12  TFF     RESET
Clock_m_s/counter<16>  2     22    FB2_14  TFF     RESET
Clock_m_s/counter<10>  1     10    FB2_16  TFF     RESET

** 5 Inputs **

Signal                 Bank Loc     Pin   Pin       Pin     I/O      I/O
Name                                No.   Type      Use     STD      Style
clk                    1    FB6_4   38    GCK/I/O   GCK     LVCMOS18 KPR
w                      1    FB6_12  39    DGE/I/O   I       LVCMOS18 KPR
p                      2    FB10_6  104   I/O       I       LVCMOS18 KPR
reset                  2    FB10_14 102   I/O       I       LVCMOS18 KPR
s                      2    FB11_11 124   I/O       I       LVCMOS18 KPR

Legend:
Pin No.   - ~     - User Assigned
I/O Style - OD    - OpenDrain
          - PU    - Pullup
          - KPR   - Keeper
          - S     - SchmittTrigger
          - DG    - DataGate
Reg Use   - LATCH - Transparent latch
          - DFF   - D-flip-flop
          - DEFF  - D-flip-flop with clock enable
          - TFF   - T-flip-flop
          - TDFF  - Dual-edge-triggered T-flip-flop
          - DDFF  - Dual-edge-triggered flip-flop
          - DDEFF - Dual-edge-triggered flip-flop with clock enable
          /S (after any above flop/latch type) indicates initial state is Set
**************************  Function Block Details  ************************
Legend:
Total Pt     - Total product terms used by the macrocell signal
Loc          - Location where logic was mapped in device
Pin Type/Use - I  - Input             GCK - Global clock
               O  - Output            GTS - Global Output Enable
              (b) - Buried macrocell  GSR - Global Set/Reset
              VRF - Vref
Pin No.      - ~  - User Assigned
*********************************** FB1  ***********************************
This function block is part of I/O Bank number:               2
Number of function block inputs used/remaining:               19/21
Number of function block control terms used/remaining:        1/3
Number of PLA product terms used/remaining:                   37/19
Signal                        Total Loc     Pin  Pin     Pin   CTC CTR CTS CTE
Name                          Pt            No.  Type    Use   
Clock_m_s/counter<4>          1     FB1_1        (b)     (b)               
Clock_m_s/counter<3>          1     FB1_2        (b)     (b)               
Clock_m_s/counter<9>          1     FB1_3   143  GSR/I/O (b)               
s_gyr<2>                      3     FB1_4   142  I/O     O                 
Clock_m_s/counter<2>          1     FB1_5        (b)     (b)               
Clock_m_s/counter<7>          1     FB1_6   140  I/O     (b)               
Clock_m_s/counter<1>          1     FB1_7        (b)     (b)               
Clock_m_s/counter<0>          0     FB1_8        (b)     (b)               
N_PZ_142                      3     FB1_9        (b)     (b)               
cst<0>                        7     FB1_10       (b)     (b)    +          
cst<3>                        5     FB1_11       (b)     (b)    +          
s_gyr<1>                      2     FB1_12  139  I/O     O                 
Clock_m_s/counter<6>          1     FB1_13  138  I/O     (b)               
Clock_m_s/counter<5>          1     FB1_14  137  I/O     (b)               
cst<2>                        6     FB1_15       (b)     (b)    +          
cst<1>                        7     FB1_16       (b)     (b)    +          

Signals Used by Logic in Function Block
  1: Clk_m_s                8: Clock_m_s/counter<6>  14: cst<2> 
  2: Clock_m_s/counter<0>   9: Clock_m_s/counter<7>  15: cst<3> 
  3: Clock_m_s/counter<1>  10: Clock_m_s/counter<8>  16: p 
  4: Clock_m_s/counter<2>  11: N_PZ_142              17: reset 
  5: Clock_m_s/counter<3>  12: cst<0>                18: s 
  6: Clock_m_s/counter<4>  13: cst<1>                19: w 
  7: Clock_m_s/counter<5> 

Signal                     1         2         3         4 FB      
Name             0----+----0----+----0----+----0----+----0 Inputs  
Clock_m_s/counter<4> 
                  .XXXX................................... 4       
Clock_m_s/counter<3> 
                  .XXX.................................... 3       
Clock_m_s/counter<9> 
                  .XXXXXXXXX.............................. 9       
s_gyr<2>          ..........XXXXX......................... 5       
Clock_m_s/counter<2> 
                  .XX..................................... 2       
Clock_m_s/counter<7> 
                  .XXXXXXX................................ 7       
Clock_m_s/counter<1> 
                  .X...................................... 1       
Clock_m_s/counter<0> 
                  ........................................ 0       
N_PZ_142          ...........XXXXX.XX..................... 7       
cst<0>            X.........XXXXXXXX...................... 9       
cst<3>            X..........XXXX.XXX..................... 8       
s_gyr<1>          ..........XXXXX......................... 5       
Clock_m_s/counter<6> 
                  .XXXXXX................................. 6       
Clock_m_s/counter<5> 
                  .XXXXX.................................. 5       
cst<2>            X.........XXXXX.XXX..................... 9       
cst<1>            X.........XXXXX.XX...................... 8       
                 0----+----1----+----2----+----3----+----4
                           0         0         0         0
*********************************** FB2  ***********************************
This function block is part of I/O Bank number:               2
Number of function block inputs used/remaining:               27/13
Number of function block control terms used/remaining:        1/3
Number of PLA product terms used/remaining:                   29/27
Signal                        Total Loc     Pin  Pin     Pin   CTC CTR CTS CTE
Name                          Pt            No.  Type    Use   
Clock_m_s/counter<8>          9     FB2_1   2    GTS/I/O (b)               
Clock_m_s/counter<11>         2     FB2_2        (b)     (b)               
Clock_m_s/counter<21>         2     FB2_3   3    GTS/I/O (b)               
Clock_m_s/counter<20>         2     FB2_4   4    I/O     (b)               
Clock_m_s/counter<19>         2     FB2_5   5    GTS/I/O (b)               
Clk_m_s                       1     FB2_6        (b)     (b)               
Clock_m_s/counter<17>         1     FB2_7        (b)     (b)               
Clock_m_s/counter<15>         1     FB2_8        (b)     (b)               
Clock_m_s/counter<14>         1     FB2_9        (b)     (b)               
Clock_m_s/counter<13>         1     FB2_10       (b)     (b)               
Clock_m_s/counter<12>         1     FB2_11       (b)     (b)               
Clock_m_s/counter<18>         2     FB2_12  6    GTS/I/O (b)               
p_gr<0>                       4     FB2_13  7    I/O     O      +          
Clock_m_s/counter<16>         2     FB2_14  9    I/O     (b)               
p_gr<1>                       4     FB2_15  10   I/O     O      +          
Clock_m_s/counter<10>         1     FB2_16       (b)     (b)               

Signals Used by Logic in Function Block
  1: Clock_m_s/counter<0>   10: Clock_m_s/counter<18>  19: Clock_m_s/counter<6> 
  2: Clock_m_s/counter<10>  11: Clock_m_s/counter<19>  20: Clock_m_s/counter<7> 
  3: Clock_m_s/counter<11>  12: Clock_m_s/counter<1>   21: Clock_m_s/counter<8> 
  4: Clock_m_s/counter<12>  13: Clock_m_s/counter<20>  22: Clock_m_s/counter<9> 
  5: Clock_m_s/counter<13>  14: Clock_m_s/counter<21>  23: N_PZ_142 
  6: Clock_m_s/counter<14>  15: Clock_m_s/counter<2>   24: cst<0> 
  7: Clock_m_s/counter<15>  16: Clock_m_s/counter<3>   25: cst<1> 
  8: Clock_m_s/counter<16>  17: Clock_m_s/counter<4>   26: cst<2> 
  9: Clock_m_s/counter<17>  18: Clock_m_s/counter<5>   27: cst<3> 

Signal                     1         2         3         4 FB      
Name             0----+----0----+----0----+----0----+----0 Inputs  
Clock_m_s/counter<8> 
                  XXXXXXXXXXXXXXXXXXXXXX.................. 22      
Clock_m_s/counter<11> 
                  XXXXXXXXXXXXXXXXXXXXXX.................. 22      
Clock_m_s/counter<21> 
                  XXXXXXXXXXXXXXXXXXXXXX.................. 22      
Clock_m_s/counter<20> 
                  XXXXXXXXXXXXXXXXXXXXXX.................. 22      
Clock_m_s/counter<19> 
                  XXXXXXXXXXXXXXXXXXXXXX.................. 22      
Clk_m_s           XXXXXXXXXXXXXXXXXXXXXX.................. 22      
Clock_m_s/counter<17> 
                  XXXXXXXX...X..XXXXXXXX.................. 17      
Clock_m_s/counter<15> 
                  XXXXXX.....X..XXXXXXXX.................. 15      
Clock_m_s/counter<14> 
                  XXXXX......X..XXXXXXXX.................. 14      
Clock_m_s/counter<13> 
                  XXXX.......X..XXXXXXXX.................. 13      
Clock_m_s/counter<12> 
                  XXX........X..XXXXXXXX.................. 12      
Clock_m_s/counter<18> 
                  XXXXXXXXXXXXXXXXXXXXXX.................. 22      
p_gr<0>           ......................XXXXX............. 5       
Clock_m_s/counter<16> 
                  XXXXXXXXXXXXXXXXXXXXXX.................. 22      
p_gr<1>           ......................XXXXX............. 5       
Clock_m_s/counter<10> 
                  X..........X..XXXXXXXX.................. 10      
                 0----+----1----+----2----+----3----+----4
                           0         0         0         0
*********************************** FB3  ***********************************
This function block is part of I/O Bank number:               2
Number of function block inputs used/remaining:               5/35
Number of function block control terms used/remaining:        1/3
Number of PLA product terms used/remaining:                   3/53
Signal                        Total Loc     Pin  Pin     Pin   CTC CTR CTS CTE
Name                          Pt            No.  Type    Use   
s_gyr<0>                      3     FB3_1   136  I/O     O      +          
(unused)                      0     FB3_2   135  I/O           
(unused)                      0     FB3_3   134  I/O           
(unused)                      0     FB3_4        (b)           
(unused)                      0     FB3_5   133  I/O           
(unused)                      0     FB3_6        (b)           
(unused)                      0     FB3_7        (b)           
(unused)                      0     FB3_8        (b)           
(unused)                      0     FB3_9        (b)           
(unused)                      0     FB3_10       (b)           
(unused)                      0     FB3_11       (b)           
(unused)                      0     FB3_12       (b)           
(unused)                      0     FB3_13       (b)           
(unused)                      0     FB3_14  132  I/O           
(unused)                      0     FB3_15       (b)           
(unused)                      0     FB3_16  131  I/O           

Signals Used by Logic in Function Block
  1: N_PZ_142           3: cst<1>             5: cst<3> 
  2: cst<0>             4: cst<2>           

Signal                     1         2         3         4 FB      
Name             0----+----0----+----0----+----0----+----0 Inputs  
s_gyr<0>          XXXXX................................... 5       
                 0----+----1----+----2----+----3----+----4
                           0         0         0         0
*********************************** FB4  ***********************************
This function block is part of I/O Bank number:               2
Number of function block inputs used/remaining:               0/40
Number of function block control terms used/remaining:        0/4
Number of PLA product terms used/remaining:                   0/56
Signal                        Total Loc     Pin  Pin     Pin   CTC CTR CTS CTE
Name                          Pt            No.  Type    Use   
(unused)                      0     FB4_1   11   I/O           
(unused)                      0     FB4_2   12   I/O           
(unused)                      0     FB4_3   13   I/O           
(unused)                      0     FB4_4   14   I/O           
(unused)                      0     FB4_5   15   I/O           
(unused)                      0     FB4_6   16   I/O           
(unused)                      0     FB4_7        (b)           
(unused)                      0     FB4_8        (b)           
(unused)                      0     FB4_9        (b)           
(unused)                      0     FB4_10       (b)           
(unused)                      0     FB4_11       (b)           
(unused)                      0     FB4_12  17   I/O           
(unused)                      0     FB4_13       (b)           
(unused)                      0     FB4_14  18   I/O           
(unused)                      0     FB4_15       (b)           
(unused)                      0     FB4_16       (b)           
*********************************** FB5  ***********************************
This function block is part of I/O Bank number:               1
Number of function block inputs used/remaining:               0/40
Number of function block control terms used/remaining:        0/4
Number of PLA product terms used/remaining:                   0/56
Signal                        Total Loc     Pin  Pin     Pin   CTC CTR CTS CTE
Name                          Pt            No.  Type    Use   
(unused)                      0     FB5_1        (b)           
(unused)                      0     FB5_2   33   I/O           
(unused)                      0     FB5_3        (b)           
(unused)                      0     FB5_4   32   GCK/I/O       
(unused)                      0     FB5_5   31   I/O           
(unused)                      0     FB5_6   30   GCK/I/O       
(unused)                      0     FB5_7        (b)           
(unused)                      0     FB5_8        (b)           
(unused)                      0     FB5_9        (b)           
(unused)                      0     FB5_10       (b)           
(unused)                      0     FB5_11       (b)           
(unused)                      0     FB5_12       (b)           
(unused)                      0     FB5_13       (b)           
(unused)                      0     FB5_14  28   I/O           
(unused)                      0     FB5_15       (b)           
(unused)                      0     FB5_16       (b)           
*********************************** FB6  ***********************************
This function block is part of I/O Bank number:               1
Number of function block inputs used/remaining:               0/40
Number of function block control terms used/remaining:        0/4
Number of PLA product terms used/remaining:                   0/56
Signal                        Total Loc     Pin  Pin     Pin   CTC CTR CTS CTE
Name                          Pt            No.  Type    Use   
(unused)                      0     FB6_1   34   I/O           
(unused)                      0     FB6_2   35   CDR/I/O       
(unused)                      0     FB6_3        (b)           
(unused)                      0     FB6_4   38   GCK/I/O GCK   
(unused)                      0     FB6_5        (b)           
(unused)                      0     FB6_6        (b)           
(unused)                      0     FB6_7        (b)           
(unused)                      0     FB6_8        (b)           
(unused)                      0     FB6_9        (b)           
(unused)                      0     FB6_10       (b)           
(unused)                      0     FB6_11       (b)           
(unused)                      0     FB6_12  39   DGE/I/O I     
(unused)                      0     FB6_13  40   I/O           
(unused)                      0     FB6_14  41   I/O           
(unused)                      0     FB6_15  42   I/O           
(unused)                      0     FB6_16  43   I/O           
*********************************** FB7  ***********************************
This function block is part of I/O Bank number:               1
Number of function block inputs used/remaining:               0/40
Number of function block control terms used/remaining:        0/4
Number of PLA product terms used/remaining:                   0/56
Signal                        Total Loc     Pin  Pin     Pin   CTC CTR CTS CTE
Name                          Pt            No.  Type    Use   
(unused)                      0     FB7_1        (b)           
(unused)                      0     FB7_2        (b)           
(unused)                      0     FB7_3        (b)           
(unused)                      0     FB7_4        (b)           
(unused)                      0     FB7_5   26   I/O           
(unused)                      0     FB7_6   25   I/O           
(unused)                      0     FB7_7        (b)           
(unused)                      0     FB7_8        (b)           
(unused)                      0     FB7_9        (b)           
(unused)                      0     FB7_10       (b)           
(unused)                      0     FB7_11  24   I/O           
(unused)                      0     FB7_12  23   I/O           
(unused)                      0     FB7_13  22   I/O           
(unused)                      0     FB7_14  21   I/O           
(unused)                      0     FB7_15  20   I/O           
(unused)                      0     FB7_16  19   I/O           
*********************************** FB8  ***********************************
This function block is part of I/O Bank number:               1
Number of function block inputs used/remaining:               0/40
Number of function block control terms used/remaining:        0/4
Number of PLA product terms used/remaining:                   0/56
Signal                        Total Loc     Pin  Pin     Pin   CTC CTR CTS CTE
Name                          Pt            No.  Type    Use   
(unused)                      0     FB8_1   44   I/O           
(unused)                      0     FB8_2   45   I/O           
(unused)                      0     FB8_3   46   I/O           
(unused)                      0     FB8_4        (b)           
(unused)                      0     FB8_5   48   I/O           
(unused)                      0     FB8_6   49   I/O           
(unused)                      0     FB8_7        (b)           
(unused)                      0     FB8_8        (b)           
(unused)                      0     FB8_9        (b)           
(unused)                      0     FB8_10       (b)           
(unused)                      0     FB8_11  50   I/O           
(unused)                      0     FB8_12  51   I/O           
(unused)                      0     FB8_13  52   I/O           
(unused)                      0     FB8_14       (b)           
(unused)                      0     FB8_15       (b)           
(unused)                      0     FB8_16       (b)           
*********************************** FB9  ***********************************
This function block is part of I/O Bank number:               2
Number of function block inputs used/remaining:               5/35
Number of function block control terms used/remaining:        1/3
Number of PLA product terms used/remaining:                   5/51
Signal                        Total Loc     Pin  Pin     Pin   CTC CTR CTS CTE
Name                          Pt            No.  Type    Use   
(unused)                      0     FB9_1   112  I/O           
(unused)                      0     FB9_2   113  I/O           
(unused)                      0     FB9_3        (b)           
(unused)                      0     FB9_4   114  I/O           
(unused)                      0     FB9_5        (b)           
w_gyr<0>                      3     FB9_6   115  I/O     O      +          
(unused)                      0     FB9_7        (b)           
(unused)                      0     FB9_8        (b)           
(unused)                      0     FB9_9        (b)           
(unused)                      0     FB9_10       (b)           
(unused)                      0     FB9_11       (b)           
(unused)                      0     FB9_12  116  I/O           
w_gyr<1>                      2     FB9_13  117  I/O     O      +          
(unused)                      0     FB9_14  118  I/O           
w_gyr<2>                      3     FB9_15  119  I/O     O      +          
(unused)                      0     FB9_16       (b)           

Signals Used by Logic in Function Block
  1: N_PZ_142           3: cst<1>             5: cst<3> 
  2: cst<0>             4: cst<2>           

Signal                     1         2         3         4 FB      
Name             0----+----0----+----0----+----0----+----0 Inputs  
w_gyr<0>          XXXXX................................... 5       
w_gyr<1>          XXXXX................................... 5       
w_gyr<2>          XXXXX................................... 5       
                 0----+----1----+----2----+----3----+----4
                           0         0         0         0
*********************************** FB10 ***********************************
This function block is part of I/O Bank number:               2
Number of function block inputs used/remaining:               0/40
Number of function block control terms used/remaining:        0/4
Number of PLA product terms used/remaining:                   0/56
Signal                        Total Loc     Pin  Pin     Pin   CTC CTR CTS CTE
Name                          Pt            No.  Type    Use   
(unused)                      0     FB10_1  111  I/O           
(unused)                      0     FB10_2  110  I/O           
(unused)                      0     FB10_3  107  I/O           
(unused)                      0     FB10_4  106  I/O           
(unused)                      0     FB10_5  105  I/O           
(unused)                      0     FB10_6  104  I/O     I     
(unused)                      0     FB10_7       (b)           
(unused)                      0     FB10_8       (b)           
(unused)                      0     FB10_9       (b)           
(unused)                      0     FB10_10      (b)           
(unused)                      0     FB10_11      (b)           
(unused)                      0     FB10_12 103  I/O           
(unused)                      0     FB10_13      (b)           
(unused)                      0     FB10_14 102  I/O     I     
(unused)                      0     FB10_15      (b)           
(unused)                      0     FB10_16 101  I/O           
*********************************** FB11 ***********************************
This function block is part of I/O Bank number:               2
Number of function block inputs used/remaining:               0/40
Number of function block control terms used/remaining:        0/4
Number of PLA product terms used/remaining:                   0/56
Signal                        Total Loc     Pin  Pin     Pin   CTC CTR CTS CTE
Name                          Pt            No.  Type    Use   
(unused)                      0     FB11_1       (b)           
(unused)                      0     FB11_2       (b)           
(unused)                      0     FB11_3       (b)           
(unused)                      0     FB11_4       (b)           
(unused)                      0     FB11_5  120  I/O           
(unused)                      0     FB11_6  121  I/O           
(unused)                      0     FB11_7       (b)           
(unused)                      0     FB11_8       (b)           
(unused)                      0     FB11_9       (b)           
(unused)                      0     FB11_10      (b)           
(unused)                      0     FB11_11 124  I/O     I     
(unused)                      0     FB11_12 125  I/O           
(unused)                      0     FB11_13 126  I/O           
(unused)                      0     FB11_14 128  I/O           
(unused)                      0     FB11_15 129  I/O           
(unused)                      0     FB11_16 130  I/O           
*********************************** FB12 ***********************************
This function block is part of I/O Bank number:               2
Number of function block inputs used/remaining:               0/40
Number of function block control terms used/remaining:        0/4
Number of PLA product terms used/remaining:                   0/56
Signal                        Total Loc     Pin  Pin     Pin   CTC CTR CTS CTE
Name                          Pt            No.  Type    Use   
(unused)                      0     FB12_1       (b)           
(unused)                      0     FB12_2  100  I/O           
(unused)                      0     FB12_3       (b)           
(unused)                      0     FB12_4       (b)           
(unused)                      0     FB12_5       (b)           
(unused)                      0     FB12_6       (b)           
(unused)                      0     FB12_7       (b)           
(unused)                      0     FB12_8       (b)           
(unused)                      0     FB12_9       (b)           
(unused)                      0     FB12_10      (b)           
(unused)                      0     FB12_11 98   I/O           
(unused)                      0     FB12_12 97   I/O           
(unused)                      0     FB12_13 96   I/O           
(unused)                      0     FB12_14 95   I/O           
(unused)                      0     FB12_15 94   I/O           
(unused)                      0     FB12_16      (b)           
*********************************** FB13 ***********************************
This function block is part of I/O Bank number:               1
Number of function block inputs used/remaining:               0/40
Number of function block control terms used/remaining:        0/4
Number of PLA product terms used/remaining:                   0/56
Signal                        Total Loc     Pin  Pin     Pin   CTC CTR CTS CTE
Name                          Pt            No.  Type    Use   
(unused)                      0     FB13_1  75   I/O           
(unused)                      0     FB13_2  76   I/O           
(unused)                      0     FB13_3  77   I/O           
(unused)                      0     FB13_4       (b)           
(unused)                      0     FB13_5  78   I/O           
(unused)                      0     FB13_6  79   I/O           
(unused)                      0     FB13_7       (b)           
(unused)                      0     FB13_8       (b)           
(unused)                      0     FB13_9       (b)           
(unused)                      0     FB13_10      (b)           
(unused)                      0     FB13_11      (b)           
(unused)                      0     FB13_12 80   I/O           
(unused)                      0     FB13_13 81   I/O           
(unused)                      0     FB13_14 82   I/O           
(unused)                      0     FB13_15      (b)           
(unused)                      0     FB13_16      (b)           
*********************************** FB14 ***********************************
This function block is part of I/O Bank number:               1
Number of function block inputs used/remaining:               0/40
Number of function block control terms used/remaining:        0/4
Number of PLA product terms used/remaining:                   0/56
Signal                        Total Loc     Pin  Pin     Pin   CTC CTR CTS CTE
Name                          Pt            No.  Type    Use   
(unused)                      0     FB14_1  74   I/O           
(unused)                      0     FB14_2  71   I/O           
(unused)                      0     FB14_3  70   I/O           
(unused)                      0     FB14_4  69   I/O           
(unused)                      0     FB14_5       (b)           
(unused)                      0     FB14_6  68   I/O           
(unused)                      0     FB14_7       (b)           
(unused)                      0     FB14_8       (b)           
(unused)                      0     FB14_9       (b)           
(unused)                      0     FB14_10      (b)           
(unused)                      0     FB14_11      (b)           
(unused)                      0     FB14_12      (b)           
(unused)                      0     FB14_13 66   I/O           
(unused)                      0     FB14_14 64   I/O           
(unused)                      0     FB14_15      (b)           
(unused)                      0     FB14_16 61   I/O           
*********************************** FB15 ***********************************
This function block is part of I/O Bank number:               1
Number of function block inputs used/remaining:               0/40
Number of function block control terms used/remaining:        0/4
Number of PLA product terms used/remaining:                   0/56
Signal                        Total Loc     Pin  Pin     Pin   CTC CTR CTS CTE
Name                          Pt            No.  Type    Use   
(unused)                      0     FB15_1       (b)           
(unused)                      0     FB15_2  83   I/O           
(unused)                      0     FB15_3       (b)           
(unused)                      0     FB15_4       (b)           
(unused)                      0     FB15_5       (b)           
(unused)                      0     FB15_6       (b)           
(unused)                      0     FB15_7       (b)           
(unused)                      0     FB15_8       (b)           
(unused)                      0     FB15_9       (b)           
(unused)                      0     FB15_10      (b)           
(unused)                      0     FB15_11 85   I/O           
(unused)                      0     FB15_12 86   I/O           
(unused)                      0     FB15_13 87   I/O           
(unused)                      0     FB15_14 88   I/O           
(unused)                      0     FB15_15 91   I/O           
(unused)                      0     FB15_16 92   I/O           
*********************************** FB16 ***********************************
This function block is part of I/O Bank number:               1
Number of function block inputs used/remaining:               0/40
Number of function block control terms used/remaining:        0/4
Number of PLA product terms used/remaining:                   0/56
Signal                        Total Loc     Pin  Pin     Pin   CTC CTR CTS CTE
Name                          Pt            No.  Type    Use   
(unused)                      0     FB16_1       (b)           
(unused)                      0     FB16_2       (b)           
(unused)                      0     FB16_3       (b)           
(unused)                      0     FB16_4       (b)           
(unused)                      0     FB16_5  60   I/O           
(unused)                      0     FB16_6  59   I/O           
(unused)                      0     FB16_7       (b)           
(unused)                      0     FB16_8       (b)           
(unused)                      0     FB16_9       (b)           
(unused)                      0     FB16_10      (b)           
(unused)                      0     FB16_11 58   I/O           
(unused)                      0     FB16_12 57   I/O           
(unused)                      0     FB16_13 56   I/O           
(unused)                      0     FB16_14      (b)           
(unused)                      0     FB16_15 54   I/O           
(unused)                      0     FB16_16 53   I/O           
*******************************  Equations  ********************************

********** Mapped Logic **********

FTCPE_Clk_m_s: FTCPE port map (Clk_m_s,Clk_m_s_T,clk,'0','0','1');
Clk_m_s_T <= (Clock_m_s/counter(0) AND NOT Clock_m_s/counter(10) AND 
	Clock_m_s/counter(1) AND Clock_m_s/counter(2) AND Clock_m_s/counter(3) AND 
	Clock_m_s/counter(4) AND Clock_m_s/counter(5) AND Clock_m_s/counter(6) AND 
	Clock_m_s/counter(7) AND NOT Clock_m_s/counter(8) AND Clock_m_s/counter(11) AND 
	NOT Clock_m_s/counter(9) AND NOT Clock_m_s/counter(12) AND NOT Clock_m_s/counter(13) AND 
	NOT Clock_m_s/counter(14) AND NOT Clock_m_s/counter(15) AND Clock_m_s/counter(16) AND 
	NOT Clock_m_s/counter(17) AND Clock_m_s/counter(18) AND Clock_m_s/counter(19) AND 
	Clock_m_s/counter(20) AND Clock_m_s/counter(21));

FTCPE_Clock_m_s/counter0: FTCPE port map (Clock_m_s/counter(0),'0',clk,'0','0','1');

FTCPE_Clock_m_s/counter1: FTCPE port map (Clock_m_s/counter(1),Clock_m_s/counter(0),clk,'0','0','1');

FTCPE_Clock_m_s/counter2: FTCPE port map (Clock_m_s/counter(2),Clock_m_s/counter_T(2),clk,'0','0','1');
Clock_m_s/counter_T(2) <= (Clock_m_s/counter(0) AND Clock_m_s/counter(1));

FTCPE_Clock_m_s/counter3: FTCPE port map (Clock_m_s/counter(3),Clock_m_s/counter_T(3),clk,'0','0','1');
Clock_m_s/counter_T(3) <= (Clock_m_s/counter(0) AND Clock_m_s/counter(1) AND 
	Clock_m_s/counter(2));

FTCPE_Clock_m_s/counter4: FTCPE port map (Clock_m_s/counter(4),Clock_m_s/counter_T(4),clk,'0','0','1');
Clock_m_s/counter_T(4) <= (Clock_m_s/counter(0) AND Clock_m_s/counter(1) AND 
	Clock_m_s/counter(2) AND Clock_m_s/counter(3));

FTCPE_Clock_m_s/counter5: FTCPE port map (Clock_m_s/counter(5),Clock_m_s/counter_T(5),clk,'0','0','1');
Clock_m_s/counter_T(5) <= (Clock_m_s/counter(0) AND Clock_m_s/counter(1) AND 
	Clock_m_s/counter(2) AND Clock_m_s/counter(3) AND Clock_m_s/counter(4));

FTCPE_Clock_m_s/counter6: FTCPE port map (Clock_m_s/counter(6),Clock_m_s/counter_T(6),clk,'0','0','1');
Clock_m_s/counter_T(6) <= (Clock_m_s/counter(0) AND Clock_m_s/counter(1) AND 
	Clock_m_s/counter(2) AND Clock_m_s/counter(3) AND Clock_m_s/counter(4) AND 
	Clock_m_s/counter(5));

FTCPE_Clock_m_s/counter7: FTCPE port map (Clock_m_s/counter(7),Clock_m_s/counter_T(7),clk,'0','0','1');
Clock_m_s/counter_T(7) <= (Clock_m_s/counter(0) AND Clock_m_s/counter(1) AND 
	Clock_m_s/counter(2) AND Clock_m_s/counter(3) AND Clock_m_s/counter(4) AND 
	Clock_m_s/counter(5) AND Clock_m_s/counter(6));

FTCPE_Clock_m_s/counter8: FTCPE port map (Clock_m_s/counter(8),Clock_m_s/counter_T(8),clk,'0','0','1');
Clock_m_s/counter_T(8) <= NOT (((NOT Clock_m_s/counter(0))
	OR (NOT Clock_m_s/counter(1))
	OR (NOT Clock_m_s/counter(2))
	OR (NOT Clock_m_s/counter(3))
	OR (NOT Clock_m_s/counter(4))
	OR (NOT Clock_m_s/counter(5))
	OR (NOT Clock_m_s/counter(6))
	OR (NOT Clock_m_s/counter(7))
	OR (NOT Clock_m_s/counter(10) AND NOT Clock_m_s/counter(8) AND 
	Clock_m_s/counter(11) AND NOT Clock_m_s/counter(9) AND NOT Clock_m_s/counter(12) AND 
	NOT Clock_m_s/counter(13) AND NOT Clock_m_s/counter(14) AND NOT Clock_m_s/counter(15) AND 
	Clock_m_s/counter(16) AND NOT Clock_m_s/counter(17) AND Clock_m_s/counter(18) AND 
	Clock_m_s/counter(19) AND Clock_m_s/counter(20) AND Clock_m_s/counter(21))));

FTCPE_Clock_m_s/counter9: FTCPE port map (Clock_m_s/counter(9),Clock_m_s/counter_T(9),clk,'0','0','1');
Clock_m_s/counter_T(9) <= (Clock_m_s/counter(0) AND Clock_m_s/counter(1) AND 
	Clock_m_s/counter(2) AND Clock_m_s/counter(3) AND Clock_m_s/counter(4) AND 
	Clock_m_s/counter(5) AND Clock_m_s/counter(6) AND Clock_m_s/counter(7) AND 
	Clock_m_s/counter(8));

FTCPE_Clock_m_s/counter10: FTCPE port map (Clock_m_s/counter(10),Clock_m_s/counter_T(10),clk,'0','0','1');
Clock_m_s/counter_T(10) <= (Clock_m_s/counter(0) AND Clock_m_s/counter(1) AND 
	Clock_m_s/counter(2) AND Clock_m_s/counter(3) AND Clock_m_s/counter(4) AND 
	Clock_m_s/counter(5) AND Clock_m_s/counter(6) AND Clock_m_s/counter(7) AND 
	Clock_m_s/counter(8) AND Clock_m_s/counter(9));

FTCPE_Clock_m_s/counter11: FTCPE port map (Clock_m_s/counter(11),Clock_m_s/counter_T(11),clk,'0','0','1');
Clock_m_s/counter_T(11) <= ((Clock_m_s/counter(0) AND Clock_m_s/counter(10) AND 
	Clock_m_s/counter(1) AND Clock_m_s/counter(2) AND Clock_m_s/counter(3) AND 
	Clock_m_s/counter(4) AND Clock_m_s/counter(5) AND Clock_m_s/counter(6) AND 
	Clock_m_s/counter(7) AND Clock_m_s/counter(8) AND Clock_m_s/counter(9))
	OR (Clock_m_s/counter(0) AND NOT Clock_m_s/counter(10) AND 
	Clock_m_s/counter(1) AND Clock_m_s/counter(2) AND Clock_m_s/counter(3) AND 
	Clock_m_s/counter(4) AND Clock_m_s/counter(5) AND Clock_m_s/counter(6) AND 
	Clock_m_s/counter(7) AND NOT Clock_m_s/counter(8) AND Clock_m_s/counter(11) AND 
	NOT Clock_m_s/counter(9) AND NOT Clock_m_s/counter(12) AND NOT Clock_m_s/counter(13) AND 
	NOT Clock_m_s/counter(14) AND NOT Clock_m_s/counter(15) AND Clock_m_s/counter(16) AND 
	NOT Clock_m_s/counter(17) AND Clock_m_s/counter(18) AND Clock_m_s/counter(19) AND 
	Clock_m_s/counter(20) AND Clock_m_s/counter(21)));

FTCPE_Clock_m_s/counter12: FTCPE port map (Clock_m_s/counter(12),Clock_m_s/counter_T(12),clk,'0','0','1');
Clock_m_s/counter_T(12) <= (Clock_m_s/counter(0) AND Clock_m_s/counter(10) AND 
	Clock_m_s/counter(1) AND Clock_m_s/counter(2) AND Clock_m_s/counter(3) AND 
	Clock_m_s/counter(4) AND Clock_m_s/counter(5) AND Clock_m_s/counter(6) AND 
	Clock_m_s/counter(7) AND Clock_m_s/counter(8) AND Clock_m_s/counter(11) AND 
	Clock_m_s/counter(9));

FTCPE_Clock_m_s/counter13: FTCPE port map (Clock_m_s/counter(13),Clock_m_s/counter_T(13),clk,'0','0','1');
Clock_m_s/counter_T(13) <= (Clock_m_s/counter(0) AND Clock_m_s/counter(10) AND 
	Clock_m_s/counter(1) AND Clock_m_s/counter(2) AND Clock_m_s/counter(3) AND 
	Clock_m_s/counter(4) AND Clock_m_s/counter(5) AND Clock_m_s/counter(6) AND 
	Clock_m_s/counter(7) AND Clock_m_s/counter(8) AND Clock_m_s/counter(11) AND 
	Clock_m_s/counter(9) AND Clock_m_s/counter(12));

FTCPE_Clock_m_s/counter14: FTCPE port map (Clock_m_s/counter(14),Clock_m_s/counter_T(14),clk,'0','0','1');
Clock_m_s/counter_T(14) <= (Clock_m_s/counter(0) AND Clock_m_s/counter(10) AND 
	Clock_m_s/counter(1) AND Clock_m_s/counter(2) AND Clock_m_s/counter(3) AND 
	Clock_m_s/counter(4) AND Clock_m_s/counter(5) AND Clock_m_s/counter(6) AND 
	Clock_m_s/counter(7) AND Clock_m_s/counter(8) AND Clock_m_s/counter(11) AND 
	Clock_m_s/counter(9) AND Clock_m_s/counter(12) AND Clock_m_s/counter(13));

FTCPE_Clock_m_s/counter15: FTCPE port map (Clock_m_s/counter(15),Clock_m_s/counter_T(15),clk,'0','0','1');
Clock_m_s/counter_T(15) <= (Clock_m_s/counter(0) AND Clock_m_s/counter(10) AND 
	Clock_m_s/counter(1) AND Clock_m_s/counter(2) AND Clock_m_s/counter(3) AND 
	Clock_m_s/counter(4) AND Clock_m_s/counter(5) AND Clock_m_s/counter(6) AND 
	Clock_m_s/counter(7) AND Clock_m_s/counter(8) AND Clock_m_s/counter(11) AND 
	Clock_m_s/counter(9) AND Clock_m_s/counter(12) AND Clock_m_s/counter(13) AND 
	Clock_m_s/counter(14));

FTCPE_Clock_m_s/counter16: FTCPE port map (Clock_m_s/counter(16),Clock_m_s/counter_T(16),clk,'0','0','1');
Clock_m_s/counter_T(16) <= ((Clock_m_s/counter(0) AND Clock_m_s/counter(10) AND 
	Clock_m_s/counter(1) AND Clock_m_s/counter(2) AND Clock_m_s/counter(3) AND 
	Clock_m_s/counter(4) AND Clock_m_s/counter(5) AND Clock_m_s/counter(6) AND 
	Clock_m_s/counter(7) AND Clock_m_s/counter(8) AND Clock_m_s/counter(11) AND 
	Clock_m_s/counter(9) AND Clock_m_s/counter(12) AND Clock_m_s/counter(13) AND 
	Clock_m_s/counter(14) AND Clock_m_s/counter(15))
	OR (Clock_m_s/counter(0) AND NOT Clock_m_s/counter(10) AND 
	Clock_m_s/counter(1) AND Clock_m_s/counter(2) AND Clock_m_s/counter(3) AND 
	Clock_m_s/counter(4) AND Clock_m_s/counter(5) AND Clock_m_s/counter(6) AND 
	Clock_m_s/counter(7) AND NOT Clock_m_s/counter(8) AND Clock_m_s/counter(11) AND 
	NOT Clock_m_s/counter(9) AND NOT Clock_m_s/counter(12) AND NOT Clock_m_s/counter(13) AND 
	NOT Clock_m_s/counter(14) AND NOT Clock_m_s/counter(15) AND Clock_m_s/counter(16) AND 
	NOT Clock_m_s/counter(17) AND Clock_m_s/counter(18) AND Clock_m_s/counter(19) AND 
	Clock_m_s/counter(20) AND Clock_m_s/counter(21)));

FTCPE_Clock_m_s/counter17: FTCPE port map (Clock_m_s/counter(17),Clock_m_s/counter_T(17),clk,'0','0','1');
Clock_m_s/counter_T(17) <= (Clock_m_s/counter(0) AND Clock_m_s/counter(10) AND 
	Clock_m_s/counter(1) AND Clock_m_s/counter(2) AND Clock_m_s/counter(3) AND 
	Clock_m_s/counter(4) AND Clock_m_s/counter(5) AND Clock_m_s/counter(6) AND 
	Clock_m_s/counter(7) AND Clock_m_s/counter(8) AND Clock_m_s/counter(11) AND 
	Clock_m_s/counter(9) AND Clock_m_s/counter(12) AND Clock_m_s/counter(13) AND 
	Clock_m_s/counter(14) AND Clock_m_s/counter(15) AND Clock_m_s/counter(16));

FTCPE_Clock_m_s/counter18: FTCPE port map (Clock_m_s/counter(18),Clock_m_s/counter_T(18),clk,'0','0','1');
Clock_m_s/counter_T(18) <= ((Clock_m_s/counter(0) AND Clock_m_s/counter(10) AND 
	Clock_m_s/counter(1) AND Clock_m_s/counter(2) AND Clock_m_s/counter(3) AND 
	Clock_m_s/counter(4) AND Clock_m_s/counter(5) AND Clock_m_s/counter(6) AND 
	Clock_m_s/counter(7) AND Clock_m_s/counter(8) AND Clock_m_s/counter(11) AND 
	Clock_m_s/counter(9) AND Clock_m_s/counter(12) AND Clock_m_s/counter(13) AND 
	Clock_m_s/counter(14) AND Clock_m_s/counter(15) AND Clock_m_s/counter(16) AND 
	Clock_m_s/counter(17))
	OR (Clock_m_s/counter(0) AND NOT Clock_m_s/counter(10) AND 
	Clock_m_s/counter(1) AND Clock_m_s/counter(2) AND Clock_m_s/counter(3) AND 
	Clock_m_s/counter(4) AND Clock_m_s/counter(5) AND Clock_m_s/counter(6) AND 
	Clock_m_s/counter(7) AND NOT Clock_m_s/counter(8) AND Clock_m_s/counter(11) AND 
	NOT Clock_m_s/counter(9) AND NOT Clock_m_s/counter(12) AND NOT Clock_m_s/counter(13) AND 
	NOT Clock_m_s/counter(14) AND NOT Clock_m_s/counter(15) AND Clock_m_s/counter(16) AND 
	NOT Clock_m_s/counter(17) AND Clock_m_s/counter(18) AND Clock_m_s/counter(19) AND 
	Clock_m_s/counter(20) AND Clock_m_s/counter(21)));

FTCPE_Clock_m_s/counter19: FTCPE port map (Clock_m_s/counter(19),Clock_m_s/counter_T(19),clk,'0','0','1');
Clock_m_s/counter_T(19) <= ((Clock_m_s/counter(0) AND Clock_m_s/counter(10) AND 
	Clock_m_s/counter(1) AND Clock_m_s/counter(2) AND Clock_m_s/counter(3) AND 
	Clock_m_s/counter(4) AND Clock_m_s/counter(5) AND Clock_m_s/counter(6) AND 
	Clock_m_s/counter(7) AND Clock_m_s/counter(8) AND Clock_m_s/counter(11) AND 
	Clock_m_s/counter(9) AND Clock_m_s/counter(12) AND Clock_m_s/counter(13) AND 
	Clock_m_s/counter(14) AND Clock_m_s/counter(15) AND Clock_m_s/counter(16) AND 
	Clock_m_s/counter(17) AND Clock_m_s/counter(18))
	OR (Clock_m_s/counter(0) AND NOT Clock_m_s/counter(10) AND 
	Clock_m_s/counter(1) AND Clock_m_s/counter(2) AND Clock_m_s/counter(3) AND 
	Clock_m_s/counter(4) AND Clock_m_s/counter(5) AND Clock_m_s/counter(6) AND 
	Clock_m_s/counter(7) AND NOT Clock_m_s/counter(8) AND Clock_m_s/counter(11) AND 
	NOT Clock_m_s/counter(9) AND NOT Clock_m_s/counter(12) AND NOT Clock_m_s/counter(13) AND 
	NOT Clock_m_s/counter(14) AND NOT Clock_m_s/counter(15) AND Clock_m_s/counter(16) AND 
	NOT Clock_m_s/counter(17) AND Clock_m_s/counter(18) AND Clock_m_s/counter(19) AND 
	Clock_m_s/counter(20) AND Clock_m_s/counter(21)));

FTCPE_Clock_m_s/counter20: FTCPE port map (Clock_m_s/counter(20),Clock_m_s/counter_T(20),clk,'0','0','1');
Clock_m_s/counter_T(20) <= ((Clock_m_s/counter(0) AND Clock_m_s/counter(10) AND 
	Clock_m_s/counter(1) AND Clock_m_s/counter(2) AND Clock_m_s/counter(3) AND 
	Clock_m_s/counter(4) AND Clock_m_s/counter(5) AND Clock_m_s/counter(6) AND 
	Clock_m_s/counter(7) AND Clock_m_s/counter(8) AND Clock_m_s/counter(11) AND 
	Clock_m_s/counter(9) AND Clock_m_s/counter(12) AND Clock_m_s/counter(13) AND 
	Clock_m_s/counter(14) AND Clock_m_s/counter(15) AND Clock_m_s/counter(16) AND 
	Clock_m_s/counter(17) AND Clock_m_s/counter(18) AND Clock_m_s/counter(19))
	OR (Clock_m_s/counter(0) AND NOT Clock_m_s/counter(10) AND 
	Clock_m_s/counter(1) AND Clock_m_s/counter(2) AND Clock_m_s/counter(3) AND 
	Clock_m_s/counter(4) AND Clock_m_s/counter(5) AND Clock_m_s/counter(6) AND 
	Clock_m_s/counter(7) AND NOT Clock_m_s/counter(8) AND Clock_m_s/counter(11) AND 
	NOT Clock_m_s/counter(9) AND NOT Clock_m_s/counter(12) AND NOT Clock_m_s/counter(13) AND 
	NOT Clock_m_s/counter(14) AND NOT Clock_m_s/counter(15) AND Clock_m_s/counter(16) AND 
	NOT Clock_m_s/counter(17) AND Clock_m_s/counter(18) AND Clock_m_s/counter(19) AND 
	Clock_m_s/counter(20) AND Clock_m_s/counter(21)));

FTCPE_Clock_m_s/counter21: FTCPE port map (Clock_m_s/counter(21),Clock_m_s/counter_T(21),clk,'0','0','1');
Clock_m_s/counter_T(21) <= ((Clock_m_s/counter(0) AND Clock_m_s/counter(10) AND 
	Clock_m_s/counter(1) AND Clock_m_s/counter(2) AND Clock_m_s/counter(3) AND 
	Clock_m_s/counter(4) AND Clock_m_s/counter(5) AND Clock_m_s/counter(6) AND 
	Clock_m_s/counter(7) AND Clock_m_s/counter(8) AND Clock_m_s/counter(11) AND 
	Clock_m_s/counter(9) AND Clock_m_s/counter(12) AND Clock_m_s/counter(13) AND 
	Clock_m_s/counter(14) AND Clock_m_s/counter(15) AND Clock_m_s/counter(16) AND 
	Clock_m_s/counter(17) AND Clock_m_s/counter(18) AND Clock_m_s/counter(19) AND 
	Clock_m_s/counter(20))
	OR (Clock_m_s/counter(0) AND NOT Clock_m_s/counter(10) AND 
	Clock_m_s/counter(1) AND Clock_m_s/counter(2) AND Clock_m_s/counter(3) AND 
	Clock_m_s/counter(4) AND Clock_m_s/counter(5) AND Clock_m_s/counter(6) AND 
	Clock_m_s/counter(7) AND NOT Clock_m_s/counter(8) AND Clock_m_s/counter(11) AND 
	NOT Clock_m_s/counter(9) AND NOT Clock_m_s/counter(12) AND NOT Clock_m_s/counter(13) AND 
	NOT Clock_m_s/counter(14) AND NOT Clock_m_s/counter(15) AND Clock_m_s/counter(16) AND 
	NOT Clock_m_s/counter(17) AND Clock_m_s/counter(18) AND Clock_m_s/counter(19) AND 
	Clock_m_s/counter(20) AND Clock_m_s/counter(21)));


N_PZ_142 <= ((NOT cst(3) AND cst(1) AND cst(2) AND NOT s AND NOT w)
	OR (NOT cst(3) AND cst(1) AND cst(0) AND NOT cst(2) AND NOT s AND NOT p)
	OR (NOT cst(3) AND NOT cst(1) AND NOT cst(0) AND NOT cst(2) AND NOT s AND NOT p));

FDCPE_cst0: FDCPE port map (cst(0),cst_D(0),Clk_m_s,'0','0','1');
cst_D(0) <= ((cst(3) AND NOT reset AND NOT cst(0))
	OR (NOT reset AND cst(0) AND N_PZ_142)
	OR (cst(3) AND NOT reset AND cst(1) AND NOT cst(2))
	OR (NOT cst(3) AND NOT reset AND NOT cst(1) AND cst(0))
	OR (NOT reset AND cst(1) AND cst(0) AND NOT cst(2) AND p)
	OR (NOT reset AND NOT cst(1) AND NOT cst(0) AND NOT cst(2) AND s));

FDCPE_cst1: FDCPE port map (cst(1),cst_D(1),Clk_m_s,'0','0','1');
cst_D(1) <= ((NOT reset AND cst(1) AND N_PZ_142)
	OR (NOT reset AND NOT cst(1) AND cst(0))
	OR (cst(3) AND NOT reset AND cst(1) AND NOT cst(0))
	OR (cst(3) AND NOT reset AND cst(0) AND NOT cst(2))
	OR (NOT reset AND cst(1) AND NOT cst(0) AND NOT cst(2))
	OR (NOT cst(3) AND NOT reset AND NOT cst(0) AND NOT cst(2) AND NOT s AND 
	NOT N_PZ_142));

FDCPE_cst2: FDCPE port map (cst(2),cst_D(2),Clk_m_s,'0','0','1');
cst_D(2) <= ((cst(3) AND NOT reset AND NOT cst(0) AND cst(2))
	OR (NOT reset AND NOT cst(1) AND cst(0) AND cst(2))
	OR (NOT cst(3) AND NOT reset AND cst(1) AND cst(2) AND NOT s)
	OR (NOT cst(3) AND NOT reset AND cst(1) AND NOT cst(2) AND NOT N_PZ_142)
	OR (NOT cst(3) AND NOT reset AND cst(0) AND cst(2) AND w));

FDCPE_cst3: FDCPE port map (cst(3),cst_D(3),Clk_m_s,'0','0','1');
cst_D(3) <= ((cst(3) AND NOT reset AND NOT cst(1))
	OR (cst(3) AND NOT reset AND NOT cst(0))
	OR (NOT cst(3) AND NOT reset AND cst(1) AND cst(2) AND s)
	OR (NOT cst(3) AND NOT reset AND cst(1) AND cst(2) AND w));

LDCP_p_gr0: LDCP port map (p_gr(0),p_gr_D(0),NOT N_PZ_142,'0','0');
p_gr_D(0) <= NOT (((cst(3) AND NOT cst(1))
	OR (cst(1) AND NOT cst(0))
	OR (NOT cst(3) AND cst(0) AND cst(2))));

LDCP_p_gr1: LDCP port map (p_gr(1),p_gr_D(1),NOT N_PZ_142,'0','0');
p_gr_D(1) <= ((cst(3) AND NOT cst(0))
	OR (cst(1) AND NOT cst(0) AND NOT cst(2))
	OR (NOT cst(3) AND NOT cst(1) AND cst(0) AND cst(2)));

LDCP_s_gyr0: LDCP port map (s_gyr(0),s_gyr_D(0),NOT N_PZ_142,'0','0');
s_gyr_D(0) <= NOT (((NOT cst(3) AND cst(0) AND NOT cst(2))
	OR (cst(1) AND cst(0) AND NOT cst(2))));

LDCP_s_gyr1: LDCP port map (s_gyr(1),s_gyr_D(1),NOT N_PZ_142,'0','0');
s_gyr_D(1) <= (NOT cst(3) AND cst(1) AND cst(0) AND NOT cst(2));

LDCP_s_gyr2: LDCP port map (s_gyr(2),s_gyr_D(2),NOT N_PZ_142,'0','0');
s_gyr_D(2) <= ((cst(3) AND cst(1) AND cst(0) AND NOT cst(2))
	OR (NOT cst(3) AND NOT cst(1) AND cst(0) AND NOT cst(2)));

LDCP_w_gyr0: LDCP port map (w_gyr(0),w_gyr_D(0),NOT N_PZ_142,'0','0');
w_gyr_D(0) <= NOT (((NOT cst(3) AND NOT cst(1) AND NOT cst(0))
	OR (cst(3) AND cst(1) AND cst(0) AND cst(2))));

LDCP_w_gyr1: LDCP port map (w_gyr(1),w_gyr_D(1),NOT N_PZ_142,'0','0');
w_gyr_D(1) <= (NOT cst(3) AND NOT cst(1) AND NOT cst(0) AND NOT cst(2));

LDCP_w_gyr2: LDCP port map (w_gyr(2),w_gyr_D(2),NOT N_PZ_142,'0','0');
w_gyr_D(2) <= ((cst(3) AND cst(1) AND cst(0) AND cst(2))
	OR (NOT cst(3) AND NOT cst(1) AND NOT cst(0) AND cst(2)));


Register Legend:
 FDCPE (Q,D,C,CLR,PRE,CE); 
 FDDCPE (Q,D,C,CLR,PRE,CE); 
 FTCPE (Q,D,C,CLR,PRE,CE); 
 FTDCPE (Q,D,C,CLR,PRE,CE); 
 LDCP  (Q,D,G,CLR,PRE); 

******************************  Device Pin Out *****************************

Device : XC2C256-6-TQ144


Pin Signal                         Pin Signal                        
No. Name                           No. Name                          
  1 VCC                              73 VCCIO-1.8                     
  2 KPR                              74 KPR                           
  3 KPR                              75 KPR                           
  4 KPR                              76 KPR                           
  5 KPR                              77 KPR                           
  6 KPR                              78 KPR                           
  7 p_gr<0>                          79 KPR                           
  8 VCCAUX                           80 KPR                           
  9 KPR                              81 KPR                           
 10 p_gr<1>                          82 KPR                           
 11 KPR                              83 KPR                           
 12 KPR                              84 VCC                           
 13 KPR                              85 KPR                           
 14 KPR                              86 KPR                           
 15 KPR                              87 KPR                           
 16 KPR                              88 KPR                           
 17 KPR                              89 GND                           
 18 KPR                              90 GND                           
 19 KPR                              91 KPR                           
 20 KPR                              92 KPR                           
 21 KPR                              93 VCCIO-1.8                     
 22 KPR                              94 KPR                           
 23 KPR                              95 KPR                           
 24 KPR                              96 KPR                           
 25 KPR                              97 KPR                           
 26 KPR                              98 KPR                           
 27 VCCIO-1.8                        99 GND                           
 28 KPR                             100 KPR                           
 29 GND                             101 KPR                           
 30 KPR                             102 reset                         
 31 KPR                             103 KPR                           
 32 KPR                             104 p                             
 33 KPR                             105 KPR                           
 34 KPR                             106 KPR                           
 35 KPR                             107 KPR                           
 36 GND                             108 GND                           
 37 VCC                             109 VCCIO-1.8                     
 38 clk                             110 KPR                           
 39 w                               111 KPR                           
 40 KPR                             112 KPR                           
 41 KPR                             113 KPR                           
 42 KPR                             114 KPR                           
 43 KPR                             115 w_gyr<0>                      
 44 KPR                             116 KPR                           
 45 KPR                             117 w_gyr<1>                      
 46 KPR                             118 KPR                           
 47 GND                             119 w_gyr<2>                      
 48 KPR                             120 KPR                           
 49 KPR                             121 KPR                           
 50 KPR                             122 TDO                           
 51 KPR                             123 GND                           
 52 KPR                             124 s                             
 53 KPR                             125 KPR                           
 54 KPR                             126 KPR                           
 55 VCCIO-1.8                       127 VCCIO-1.8                     
 56 KPR                             128 KPR                           
 57 KPR                             129 KPR                           
 58 KPR                             130 KPR                           
 59 KPR                             131 KPR                           
 60 KPR                             132 KPR                           
 61 KPR                             133 KPR                           
 62 GND                             134 KPR                           
 63 TDI                             135 KPR                           
 64 KPR                             136 s_gyr<0>                      
 65 TMS                             137 KPR                           
 66 KPR                             138 KPR                           
 67 TCK                             139 s_gyr<1>                      
 68 KPR                             140 KPR                           
 69 KPR                             141 VCCIO-1.8                     
 70 KPR                             142 s_gyr<2>                      
 71 KPR                             143 KPR                           
 72 GND                             144 GND                           


Legend :  NC  = Not Connected, unbonded pin
        PGND  = Unused I/O configured as additional Ground pin
         KPR  = Unused I/O with weak keeper (leave unconnected)
         WPU  = Unused I/O with weak pull up (leave unconnected)
         TIE  = Unused I/O floating -- must tie to VCC, GND or other signal
         VCC  = Dedicated Power Pin
      VCCAUX  = Power supply for JTAG pins
   VCCIO-3.3  = I/O supply voltage for LVTTL, LVCMOS33, SSTL3_I
   VCCIO-2.5  = I/O supply voltage for LVCMOS25, SSTL2_I
   VCCIO-1.8  = I/O supply voltage for LVCMOS18
   VCCIO-1.5  = I/O supply voltage for LVCMOS15, HSTL_I
        VREF  = Reference voltage for indicated input standard
       *VREF  = Reference voltage pin selected by software
         GND  = Dedicated Ground Pin
         TDI  = Test Data In, JTAG pin
         TDO  = Test Data Out, JTAG pin
         TCK  = Test Clock, JTAG pin
         TMS  = Test Mode Select, JTAG pin
  PROHIBITED  = User reserved pin
****************************  Compiler Options  ****************************

Following is a list of all global compiler options used by the fitter run.

Device(s) Specified                         : xc2c256-6-TQ144
Optimization Method                         : DENSITY
Multi-Level Logic Optimization              : ON
Ignore Timing Specifications                : OFF
Default Register Power Up Value             : LOW
Keep User Location Constraints              : ON
What-You-See-Is-What-You-Get                : OFF
Exhaustive Fitting                          : OFF
Keep Unused Inputs                          : OFF
Slew Rate                                   : FAST
Set Unused I/O Pin Termination              : KEEPER
Global Clock Optimization                   : ON
Global Set/Reset Optimization               : ON
Global Ouput Enable Optimization            : ON
Enable Input Registers                      : ON
Function Block Fan-in Limit                 : 38
Use DATA_GATE Attribute                     : ON
Set Tristate Outputs to Termination Mode    : KEEPER
Default Voltage Standard for All Outputs    : LVCMOS18
Input Limit                                 : 32
Pterm Limit                                 : 28
